<?xml version="1.0" encoding="UTF-8"?>
<testng-results ignored="0" total="2" passed="1" failed="1" skipped="0">
  <reporter-output>
  </reporter-output>
  <suite started-at="2022-11-13T15:26:01 IST" name="Suite" finished-at="2022-11-13T15:26:34 IST" duration-ms="33379">
    <groups>
    </groups>
    <test started-at="2022-11-13T15:26:01 IST" name="Test" finished-at="2022-11-13T15:26:34 IST" duration-ms="33379">
      <class name="com.tests.TSLogin">
        <test-method is-config="true" signature="start()[pri:0, instance:com.tests.TSLogin@3b0fe47a]" started-at="2022-11-13T15:26:00 IST" name="start" finished-at="2022-11-13T15:26:01 IST" duration-ms="704" status="PASS">
          <reporter-output>
          </reporter-output>
        </test-method> <!-- start -->
        <test-method is-config="true" signature="init(java.lang.String,java.lang.String)[pri:0, instance:com.tests.TSLogin@3b0fe47a]" started-at="2022-11-13T15:26:01 IST" name="init" finished-at="2022-11-13T15:26:06 IST" duration-ms="5174" status="PASS">
          <params>
            <param index="0">
              <value>
                <![CDATA[chrome]]>
              </value>
            </param>
            <param index="1">
              <value>
                <![CDATA[http://qa.ims.client.sstech.us/login]]>
              </value>
            </param>
          </params>
          <reporter-output>
          </reporter-output>
        </test-method> <!-- init -->
        <test-method is-config="true" signature="Setup()[pri:0, instance:com.tests.TSLogin@3b0fe47a]" started-at="2022-11-13T15:26:06 IST" name="Setup" finished-at="2022-11-13T15:26:06 IST" duration-ms="1" status="PASS">
          <reporter-output>
          </reporter-output>
        </test-method> <!-- Setup -->
        <test-method signature="AllAppointmentsDateVerification()[pri:0, instance:com.tests.TSLogin@3b0fe47a]" started-at="2022-11-13T15:26:06 IST" name="AllAppointmentsDateVerification" description="This TC will perform valid login and verified that all appointments tab page is showing only todays appointments" finished-at="2022-11-13T15:26:17 IST" duration-ms="10783" status="PASS">
          <reporter-output>
          </reporter-output>
        </test-method> <!-- AllAppointmentsDateVerification -->
        <test-method is-config="true" signature="signout(org.testng.ITestResult)[pri:0, instance:com.tests.TSLogin@3b0fe47a]" started-at="2022-11-13T15:26:17 IST" name="signout" finished-at="2022-11-13T15:26:18 IST" duration-ms="1418" status="PASS">
          <params>
            <param index="0">
              <value>
                <![CDATA[[TestResult name=AllAppointmentsDateVerification status=SUCCESS method=TSLogin.AllAppointmentsDateVerification()[pri:0, instance:com.tests.TSLogin@3b0fe47a] output={null}]]]>
              </value>
            </param>
          </params>
          <reporter-output>
          </reporter-output>
        </test-method> <!-- signout -->
        <test-method signature="NewAppointment()[pri:0, instance:com.tests.TSLogin@3b0fe47a]" started-at="2022-11-13T15:26:18 IST" name="NewAppointment" description="This TC will perform valid login and creates a new appointment" finished-at="2022-11-13T15:26:32 IST" duration-ms="14469" status="FAIL">
          <exception class="org.openqa.selenium.ElementClickInterceptedException">
            <message>
              <![CDATA[element click intercepted: Element <button class="MuiButtonBase-root MuiIconButton-root MuiIconButton-colorInherit MuiIconButton-sizeSmall css-9ixttz" tabindex="0" type="button">...</button> is not clickable at point (1481, 63). Other element would receive the click: <div class="MuiDialog-container MuiDialog-scrollPaper css-16u656j" role="presentation" tabindex="-1" style="transform: none; transition: transform 225ms cubic-bezier(0, 0, 0.2, 1) 0ms;">...</div>
  (Session info: chrome=107.0.5304.106)
Build info: version: '4.4.0', revision: 'e5c75ed026a'
System info: host: 'SSTINDEVLP1071', ip: '192.168.1.11', os.name: 'Windows 10', os.arch: 'amd64', os.version: '10.0', java.version: '17.0.5'
Driver info: org.openqa.selenium.chrome.ChromeDriver
Command: [19c03b83cea5aa4a69fa42a7e25bb848, clickElement {id=bf7392ca-3001-4ee7-8ab9-ff491080ea64}]
Capabilities {acceptInsecureCerts: false, browserName: chrome, browserVersion: 107.0.5304.106, chrome: {chromedriverVersion: 107.0.5304.62 (1eec40d3a576..., userDataDir: C:\Users\Ashwini.G\AppData\...}, goog:chromeOptions: {debuggerAddress: localhost:55884}, networkConnectionEnabled: false, pageLoadStrategy: normal, platformName: WINDOWS, proxy: Proxy(), se:cdp: ws://localhost:55884/devtoo..., se:cdpVersion: 107.0.5304.106, setWindowRect: true, strictFileInteractability: false, timeouts: {implicit: 0, pageLoad: 300000, script: 30000}, unhandledPromptBehavior: dismiss and notify, webauthn:extension:credBlob: true, webauthn:extension:largeBlob: true, webauthn:virtualAuthenticators: true}
Element: [[ChromeDriver: chrome on WINDOWS (19c03b83cea5aa4a69fa42a7e25bb848)] -> css selector: .MuiButtonBase-root.MuiIconButton-root.MuiIconButton-colorInherit.MuiIconButton-sizeSmall.css-9ixttz]
Session ID: 19c03b83cea5aa4a69fa42a7e25bb848]]>
            </message>
            <full-stacktrace>
              <![CDATA[org.openqa.selenium.ElementClickInterceptedException: element click intercepted: Element <button class="MuiButtonBase-root MuiIconButton-root MuiIconButton-colorInherit MuiIconButton-sizeSmall css-9ixttz" tabindex="0" type="button">...</button> is not clickable at point (1481, 63). Other element would receive the click: <div class="MuiDialog-container MuiDialog-scrollPaper css-16u656j" role="presentation" tabindex="-1" style="transform: none; transition: transform 225ms cubic-bezier(0, 0, 0.2, 1) 0ms;">...</div>
  (Session info: chrome=107.0.5304.106)
Build info: version: '4.4.0', revision: 'e5c75ed026a'
System info: host: 'SSTINDEVLP1071', ip: '192.168.1.11', os.name: 'Windows 10', os.arch: 'amd64', os.version: '10.0', java.version: '17.0.5'
Driver info: org.openqa.selenium.chrome.ChromeDriver
Command: [19c03b83cea5aa4a69fa42a7e25bb848, clickElement {id=bf7392ca-3001-4ee7-8ab9-ff491080ea64}]
Capabilities {acceptInsecureCerts: false, browserName: chrome, browserVersion: 107.0.5304.106, chrome: {chromedriverVersion: 107.0.5304.62 (1eec40d3a576..., userDataDir: C:\Users\Ashwini.G\AppData\...}, goog:chromeOptions: {debuggerAddress: localhost:55884}, networkConnectionEnabled: false, pageLoadStrategy: normal, platformName: WINDOWS, proxy: Proxy(), se:cdp: ws://localhost:55884/devtoo..., se:cdpVersion: 107.0.5304.106, setWindowRect: true, strictFileInteractability: false, timeouts: {implicit: 0, pageLoad: 300000, script: 30000}, unhandledPromptBehavior: dismiss and notify, webauthn:extension:credBlob: true, webauthn:extension:largeBlob: true, webauthn:virtualAuthenticators: true}
Element: [[ChromeDriver: chrome on WINDOWS (19c03b83cea5aa4a69fa42a7e25bb848)] -> css selector: .MuiButtonBase-root.MuiIconButton-root.MuiIconButton-colorInherit.MuiIconButton-sizeSmall.css-9ixttz]
Session ID: 19c03b83cea5aa4a69fa42a7e25bb848
at java.base/jdk.internal.reflect.NativeConstructorAccessorImpl.newInstance0(Native Method)
at java.base/jdk.internal.reflect.NativeConstructorAccessorImpl.newInstance(NativeConstructorAccessorImpl.java:77)
at java.base/jdk.internal.reflect.DelegatingConstructorAccessorImpl.newInstance(DelegatingConstructorAccessorImpl.java:45)
at java.base/java.lang.reflect.Constructor.newInstanceWithCaller(Constructor.java:499)
at java.base/java.lang.reflect.Constructor.newInstance(Constructor.java:480)
at org.openqa.selenium.remote.codec.w3c.W3CHttpResponseCodec.createException(W3CHttpResponseCodec.java:200)
at org.openqa.selenium.remote.codec.w3c.W3CHttpResponseCodec.decode(W3CHttpResponseCodec.java:133)
at org.openqa.selenium.remote.codec.w3c.W3CHttpResponseCodec.decode(W3CHttpResponseCodec.java:53)
at org.openqa.selenium.remote.HttpCommandExecutor.execute(HttpCommandExecutor.java:184)
at org.openqa.selenium.remote.service.DriverCommandExecutor.invokeExecute(DriverCommandExecutor.java:167)
at org.openqa.selenium.remote.service.DriverCommandExecutor.execute(DriverCommandExecutor.java:142)
at org.openqa.selenium.remote.RemoteWebDriver.execute(RemoteWebDriver.java:547)
at org.openqa.selenium.remote.RemoteWebElement.execute(RemoteWebElement.java:257)
at org.openqa.selenium.remote.RemoteWebElement.click(RemoteWebElement.java:78)
at com.utils.SeleniumUIUtils.click(SeleniumUIUtils.java:58)
at com.tests.TSLogin.NewAppointment(TSLogin.java:169)
at java.base/jdk.internal.reflect.NativeMethodAccessorImpl.invoke0(Native Method)
at java.base/jdk.internal.reflect.NativeMethodAccessorImpl.invoke(NativeMethodAccessorImpl.java:77)
at java.base/jdk.internal.reflect.DelegatingMethodAccessorImpl.invoke(DelegatingMethodAccessorImpl.java:43)
at java.base/java.lang.reflect.Method.invoke(Method.java:568)
at org.testng.internal.invokers.MethodInvocationHelper.invokeMethod(MethodInvocationHelper.java:139)
at org.testng.internal.invokers.TestInvoker.invokeMethod(TestInvoker.java:677)
at org.testng.internal.invokers.TestInvoker.invokeTestMethod(TestInvoker.java:221)
at org.testng.internal.invokers.MethodRunner.runInSequence(MethodRunner.java:50)
at org.testng.internal.invokers.TestInvoker$MethodInvocationAgent.invoke(TestInvoker.java:962)
at org.testng.internal.invokers.TestInvoker.invokeTestMethods(TestInvoker.java:194)
at org.testng.internal.invokers.TestMethodWorker.invokeTestMethods(TestMethodWorker.java:148)
at org.testng.internal.invokers.TestMethodWorker.run(TestMethodWorker.java:128)
at java.base/java.util.concurrent.ThreadPoolExecutor.runWorker(ThreadPoolExecutor.java:1136)
at java.base/java.util.concurrent.ThreadPoolExecutor$Worker.run(ThreadPoolExecutor.java:635)
at java.base/java.lang.Thread.run(Thread.java:833)
]]>
            </full-stacktrace>
          </exception> <!-- org.openqa.selenium.ElementClickInterceptedException -->
          <reporter-output>
          </reporter-output>
        </test-method> <!-- NewAppointment -->
        <test-method is-config="true" signature="Setup()[pri:0, instance:com.tests.TSLogin@3b0fe47a]" started-at="2022-11-13T15:26:18 IST" name="Setup" finished-at="2022-11-13T15:26:18 IST" duration-ms="0" status="PASS">
          <reporter-output>
          </reporter-output>
        </test-method> <!-- Setup -->
        <test-method is-config="true" signature="signout(org.testng.ITestResult)[pri:0, instance:com.tests.TSLogin@3b0fe47a]" started-at="2022-11-13T15:26:32 IST" name="signout" finished-at="2022-11-13T15:26:34 IST" duration-ms="1248" status="FAIL">
          <params>
            <param index="0">
              <value>
                <![CDATA[[TestResult name=NewAppointment status=FAILURE method=TSLogin.NewAppointment()[pri:0, instance:com.tests.TSLogin@3b0fe47a] output={null}]]]>
              </value>
            </param>
          </params>
          <exception class="org.openqa.selenium.ElementClickInterceptedException">
            <message>
              <![CDATA[element click intercepted: Element <button class="MuiButtonBase-root MuiIconButton-root MuiIconButton-colorInherit MuiIconButton-sizeSmall css-9ixttz" tabindex="0" type="button">...</button> is not clickable at point (1481, 63). Other element would receive the click: <div class="MuiDialog-container MuiDialog-scrollPaper css-16u656j" role="presentation" tabindex="-1" style="transform: none; transition: transform 225ms cubic-bezier(0, 0, 0.2, 1) 0ms;">...</div>
  (Session info: chrome=107.0.5304.106)
Build info: version: '4.4.0', revision: 'e5c75ed026a'
System info: host: 'SSTINDEVLP1071', ip: '192.168.1.11', os.name: 'Windows 10', os.arch: 'amd64', os.version: '10.0', java.version: '17.0.5'
Driver info: org.openqa.selenium.chrome.ChromeDriver
Command: [19c03b83cea5aa4a69fa42a7e25bb848, clickElement {id=bf7392ca-3001-4ee7-8ab9-ff491080ea64}]
Capabilities {acceptInsecureCerts: false, browserName: chrome, browserVersion: 107.0.5304.106, chrome: {chromedriverVersion: 107.0.5304.62 (1eec40d3a576..., userDataDir: C:\Users\Ashwini.G\AppData\...}, goog:chromeOptions: {debuggerAddress: localhost:55884}, networkConnectionEnabled: false, pageLoadStrategy: normal, platformName: WINDOWS, proxy: Proxy(), se:cdp: ws://localhost:55884/devtoo..., se:cdpVersion: 107.0.5304.106, setWindowRect: true, strictFileInteractability: false, timeouts: {implicit: 0, pageLoad: 300000, script: 30000}, unhandledPromptBehavior: dismiss and notify, webauthn:extension:credBlob: true, webauthn:extension:largeBlob: true, webauthn:virtualAuthenticators: true}
Element: [[ChromeDriver: chrome on WINDOWS (19c03b83cea5aa4a69fa42a7e25bb848)] -> css selector: .MuiButtonBase-root.MuiIconButton-root.MuiIconButton-colorInherit.MuiIconButton-sizeSmall.css-9ixttz]
Session ID: 19c03b83cea5aa4a69fa42a7e25bb848]]>
            </message>
            <full-stacktrace>
              <![CDATA[org.openqa.selenium.ElementClickInterceptedException: element click intercepted: Element <button class="MuiButtonBase-root MuiIconButton-root MuiIconButton-colorInherit MuiIconButton-sizeSmall css-9ixttz" tabindex="0" type="button">...</button> is not clickable at point (1481, 63). Other element would receive the click: <div class="MuiDialog-container MuiDialog-scrollPaper css-16u656j" role="presentation" tabindex="-1" style="transform: none; transition: transform 225ms cubic-bezier(0, 0, 0.2, 1) 0ms;">...</div>
  (Session info: chrome=107.0.5304.106)
Build info: version: '4.4.0', revision: 'e5c75ed026a'
System info: host: 'SSTINDEVLP1071', ip: '192.168.1.11', os.name: 'Windows 10', os.arch: 'amd64', os.version: '10.0', java.version: '17.0.5'
Driver info: org.openqa.selenium.chrome.ChromeDriver
Command: [19c03b83cea5aa4a69fa42a7e25bb848, clickElement {id=bf7392ca-3001-4ee7-8ab9-ff491080ea64}]
Capabilities {acceptInsecureCerts: false, browserName: chrome, browserVersion: 107.0.5304.106, chrome: {chromedriverVersion: 107.0.5304.62 (1eec40d3a576..., userDataDir: C:\Users\Ashwini.G\AppData\...}, goog:chromeOptions: {debuggerAddress: localhost:55884}, networkConnectionEnabled: false, pageLoadStrategy: normal, platformName: WINDOWS, proxy: Proxy(), se:cdp: ws://localhost:55884/devtoo..., se:cdpVersion: 107.0.5304.106, setWindowRect: true, strictFileInteractability: false, timeouts: {implicit: 0, pageLoad: 300000, script: 30000}, unhandledPromptBehavior: dismiss and notify, webauthn:extension:credBlob: true, webauthn:extension:largeBlob: true, webauthn:virtualAuthenticators: true}
Element: [[ChromeDriver: chrome on WINDOWS (19c03b83cea5aa4a69fa42a7e25bb848)] -> css selector: .MuiButtonBase-root.MuiIconButton-root.MuiIconButton-colorInherit.MuiIconButton-sizeSmall.css-9ixttz]
Session ID: 19c03b83cea5aa4a69fa42a7e25bb848
at java.base/jdk.internal.reflect.NativeConstructorAccessorImpl.newInstance0(Native Method)
at java.base/jdk.internal.reflect.NativeConstructorAccessorImpl.newInstance(NativeConstructorAccessorImpl.java:77)
at java.base/jdk.internal.reflect.DelegatingConstructorAccessorImpl.newInstance(DelegatingConstructorAccessorImpl.java:45)
at java.base/java.lang.reflect.Constructor.newInstanceWithCaller(Constructor.java:499)
at java.base/java.lang.reflect.Constructor.newInstance(Constructor.java:480)
at org.openqa.selenium.remote.codec.w3c.W3CHttpResponseCodec.createException(W3CHttpResponseCodec.java:200)
at org.openqa.selenium.remote.codec.w3c.W3CHttpResponseCodec.decode(W3CHttpResponseCodec.java:133)
at org.openqa.selenium.remote.codec.w3c.W3CHttpResponseCodec.decode(W3CHttpResponseCodec.java:53)
at org.openqa.selenium.remote.HttpCommandExecutor.execute(HttpCommandExecutor.java:184)
at org.openqa.selenium.remote.service.DriverCommandExecutor.invokeExecute(DriverCommandExecutor.java:167)
at org.openqa.selenium.remote.service.DriverCommandExecutor.execute(DriverCommandExecutor.java:142)
at org.openqa.selenium.remote.RemoteWebDriver.execute(RemoteWebDriver.java:547)
at org.openqa.selenium.remote.RemoteWebElement.execute(RemoteWebElement.java:257)
at org.openqa.selenium.remote.RemoteWebElement.click(RemoteWebElement.java:78)
at com.utils.SeleniumUIUtils.click(SeleniumUIUtils.java:58)
at com.tests.TSLogin.signout(TSLogin.java:252)
at java.base/jdk.internal.reflect.NativeMethodAccessorImpl.invoke0(Native Method)
at java.base/jdk.internal.reflect.NativeMethodAccessorImpl.invoke(NativeMethodAccessorImpl.java:77)
at java.base/jdk.internal.reflect.DelegatingMethodAccessorImpl.invoke(DelegatingMethodAccessorImpl.java:43)
at java.base/java.lang.reflect.Method.invoke(Method.java:568)
at org.testng.internal.invokers.MethodInvocationHelper.invokeMethod(MethodInvocationHelper.java:139)
at org.testng.internal.invokers.MethodInvocationHelper.invokeMethodConsideringTimeout(MethodInvocationHelper.java:69)
at org.testng.internal.invokers.ConfigInvoker.invokeConfigurationMethod(ConfigInvoker.java:361)
at org.testng.internal.invokers.ConfigInvoker.invokeConfigurations(ConfigInvoker.java:296)
at org.testng.internal.invokers.TestInvoker.runConfigMethods(TestInvoker.java:816)
at org.testng.internal.invokers.TestInvoker.runAfterConfigurations(TestInvoker.java:785)
at org.testng.internal.invokers.TestInvoker.invokeMethod(TestInvoker.java:761)
at org.testng.internal.invokers.TestInvoker.invokeTestMethod(TestInvoker.java:221)
at org.testng.internal.invokers.MethodRunner.runInSequence(MethodRunner.java:50)
at org.testng.internal.invokers.TestInvoker$MethodInvocationAgent.invoke(TestInvoker.java:962)
at org.testng.internal.invokers.TestInvoker.invokeTestMethods(TestInvoker.java:194)
at org.testng.internal.invokers.TestMethodWorker.invokeTestMethods(TestMethodWorker.java:148)
at org.testng.internal.invokers.TestMethodWorker.run(TestMethodWorker.java:128)
at java.base/java.util.concurrent.ThreadPoolExecutor.runWorker(ThreadPoolExecutor.java:1136)
at java.base/java.util.concurrent.ThreadPoolExecutor$Worker.run(ThreadPoolExecutor.java:635)
at java.base/java.lang.Thread.run(Thread.java:833)
]]>
            </full-stacktrace>
          </exception> <!-- org.openqa.selenium.ElementClickInterceptedException -->
          <reporter-output>
          </reporter-output>
        </test-method> <!-- signout -->
        <test-method is-config="true" signature="teardown()[pri:0, instance:com.tests.TSLogin@3b0fe47a]" started-at="2022-11-13T15:26:34 IST" name="teardown" finished-at="2022-11-13T15:26:34 IST" duration-ms="241" status="PASS">
          <reporter-output>
          </reporter-output>
        </test-method> <!-- teardown -->
        <test-method is-config="true" signature="closeApplication()[pri:0, instance:com.tests.TSLogin@3b0fe47a]" started-at="2022-11-13T15:26:34 IST" name="closeApplication" finished-at="2022-11-13T15:26:34 IST" duration-ms="336" status="PASS">
          <reporter-output>
          </reporter-output>
        </test-method> <!-- closeApplication -->
      </class> <!-- com.tests.TSLogin -->
    </test> <!-- Test -->
  </suite> <!-- Suite -->
</testng-results>
