<?xml version="1.0" encoding="UTF-8"?>
<testng-results ignored="7" total="8" passed="1" failed="0" skipped="0">
  <reporter-output>
  </reporter-output>
  <suite started-at="2022-12-27T20:37:36 IST" name="Suite" finished-at="2022-12-27T20:38:33 IST" duration-ms="57429">
    <groups>
    </groups>
    <test started-at="2022-12-27T20:37:36 IST" name="Test" finished-at="2022-12-27T20:38:33 IST" duration-ms="57429">
      <class name="com.tests.TSNewAppRejectAccept">
        <test-method is-config="true" signature="start()[pri:0, instance:com.tests.TSNewAppRejectAccept@4b013c76]" started-at="2022-12-27T20:37:35 IST" name="start" finished-at="2022-12-27T20:37:36 IST" duration-ms="805" status="PASS">
          <reporter-output>
          </reporter-output>
        </test-method> <!-- start -->
        <test-method is-config="true" signature="init(java.lang.String,java.lang.String)[pri:0, instance:com.tests.TSNewAppRejectAccept@4b013c76]" started-at="2022-12-27T20:37:36 IST" name="init" finished-at="2022-12-27T20:37:48 IST" duration-ms="11682" status="PASS">
          <params>
            <param index="0">
              <value>
                <![CDATA[chrome]]>
              </value>
            </param>
            <param index="1">
              <value>
                <![CDATA[http://qa.ims.client.sstech.us/login]]>
              </value>
            </param>
          </params>
          <reporter-output>
          </reporter-output>
        </test-method> <!-- init -->
        <test-method signature="SelfBookAppointment()[pri:0, instance:com.tests.TSNewAppRejectAccept@4b013c76]" started-at="2022-12-27T20:37:48 IST" name="SelfBookAppointment" finished-at="2022-12-27T20:38:33 IST" duration-ms="45316" status="PASS">
          <reporter-output>
          </reporter-output>
        </test-method> <!-- SelfBookAppointment -->
        <test-method is-config="true" signature="signout(org.testng.ITestResult)[pri:0, instance:com.tests.TSNewAppRejectAccept@4b013c76]" started-at="2022-12-27T20:38:33 IST" name="signout" finished-at="2022-12-27T20:38:33 IST" duration-ms="386" status="PASS">
          <params>
            <param index="0">
              <value>
                <![CDATA[[TestResult name=SelfBookAppointment status=SUCCESS method=TSNewAppRejectAccept.SelfBookAppointment()[pri:0, instance:com.tests.TSNewAppRejectAccept@4b013c76] output={null}]]]>
              </value>
            </param>
          </params>
          <reporter-output>
          </reporter-output>
        </test-method> <!-- signout -->
        <test-method is-config="true" signature="teardown()[pri:0, instance:com.tests.TSNewAppRejectAccept@4b013c76]" started-at="2022-12-27T20:38:33 IST" name="teardown" finished-at="2022-12-27T20:38:33 IST" duration-ms="0" status="PASS">
          <reporter-output>
          </reporter-output>
        </test-method> <!-- teardown -->
        <test-method is-config="true" signature="closeApplication()[pri:0, instance:com.tests.TSNewAppRejectAccept@4b013c76]" started-at="2022-12-27T20:38:33 IST" name="closeApplication" finished-at="2022-12-27T20:38:34 IST" duration-ms="223" status="PASS">
          <reporter-output>
          </reporter-output>
        </test-method> <!-- closeApplication -->
      </class> <!-- com.tests.TSNewAppRejectAccept -->
    </test> <!-- Test -->
  </suite> <!-- Suite -->
</testng-results>
