<?xml version="1.0" encoding="UTF-8"?>
<testng-results ignored="2" total="3" passed="1" failed="0" skipped="0">
  <reporter-output>
  </reporter-output>
  <suite started-at="2022-12-16T16:13:39 IST" name="Suite" finished-at="2022-12-16T16:16:33 IST" duration-ms="173828">
    <groups>
    </groups>
    <test started-at="2022-12-16T16:13:39 IST" name="Test" finished-at="2022-12-16T16:16:33 IST" duration-ms="173828">
      <class name="com.tests.TSNewAppointment">
        <test-method is-config="true" signature="start()[pri:0, instance:com.tests.TSNewAppointment@6bbe85a8]" started-at="2022-12-16T16:13:38 IST" name="start" finished-at="2022-12-16T16:13:39 IST" duration-ms="484" status="PASS">
          <reporter-output>
          </reporter-output>
        </test-method> <!-- start -->
        <test-method is-config="true" signature="init(java.lang.String,java.lang.String)[pri:0, instance:com.tests.TSNewAppointment@6bbe85a8]" started-at="2022-12-16T16:13:39 IST" name="init" finished-at="2022-12-16T16:13:44 IST" duration-ms="4733" status="PASS">
          <params>
            <param index="0">
              <value>
                <![CDATA[chrome]]>
              </value>
            </param>
            <param index="1">
              <value>
                <![CDATA[http://qa.ims.client.sstech.us/login]]>
              </value>
            </param>
          </params>
          <reporter-output>
          </reporter-output>
        </test-method> <!-- init -->
        <test-method is-config="true" signature="Setup()[pri:0, instance:com.tests.TSNewAppointment@6bbe85a8]" started-at="2022-12-16T16:13:44 IST" name="Setup" finished-at="2022-12-16T16:13:44 IST" duration-ms="1" status="PASS">
          <reporter-output>
          </reporter-output>
        </test-method> <!-- Setup -->
        <test-method signature="RejectAppointment()[pri:0, instance:com.tests.TSNewAppointment@6bbe85a8]" started-at="2022-12-16T16:13:44 IST" name="RejectAppointment" finished-at="2022-12-16T16:16:31 IST" duration-ms="167357" status="PASS">
          <reporter-output>
          </reporter-output>
        </test-method> <!-- RejectAppointment -->
        <test-method is-config="true" signature="signout(org.testng.ITestResult)[pri:0, instance:com.tests.TSNewAppointment@6bbe85a8]" started-at="2022-12-16T16:16:31 IST" name="signout" finished-at="2022-12-16T16:16:32 IST" duration-ms="1453" status="PASS">
          <params>
            <param index="0">
              <value>
                <![CDATA[[TestResult name=RejectAppointment status=SUCCESS method=TSNewAppointment.RejectAppointment()[pri:0, instance:com.tests.TSNewAppointment@6bbe85a8] output={null}]]]>
              </value>
            </param>
          </params>
          <reporter-output>
          </reporter-output>
        </test-method> <!-- signout -->
        <test-method is-config="true" signature="teardown()[pri:0, instance:com.tests.TSNewAppointment@6bbe85a8]" started-at="2022-12-16T16:16:32 IST" name="teardown" finished-at="2022-12-16T16:16:33 IST" duration-ms="247" status="PASS">
          <reporter-output>
          </reporter-output>
        </test-method> <!-- teardown -->
        <test-method is-config="true" signature="closeApplication()[pri:0, instance:com.tests.TSNewAppointment@6bbe85a8]" started-at="2022-12-16T16:16:33 IST" name="closeApplication" finished-at="2022-12-16T16:16:33 IST" duration-ms="479" status="PASS">
          <reporter-output>
          </reporter-output>
        </test-method> <!-- closeApplication -->
      </class> <!-- com.tests.TSNewAppointment -->
    </test> <!-- Test -->
  </suite> <!-- Suite -->
</testng-results>
