<?xml version="1.0" encoding="UTF-8"?>
<testng-results ignored="0" total="1" passed="1" failed="0" skipped="0">
  <reporter-output>
  </reporter-output>
  <suite started-at="2023-01-05T16:20:51 IST" name="Default suite" finished-at="2023-01-05T16:21:13 IST" duration-ms="21115">
    <groups>
    </groups>
    <test started-at="2023-01-05T16:20:51 IST" name="Default test" finished-at="2023-01-05T16:21:13 IST" duration-ms="21115">
      <class name="com.tests.Sravani_Interpreter_Offer_Recind">
        <test-method is-config="true" signature="start()[pri:0, instance:com.tests.Sravani_Interpreter_Offer_Recind@26d9b808]" started-at="2023-01-05T16:20:51 IST" name="start" finished-at="2023-01-05T16:20:51 IST" duration-ms="560" status="PASS">
          <reporter-output>
          </reporter-output>
        </test-method> <!-- start -->
        <test-method is-config="true" signature="init(java.lang.String)[pri:0, instance:com.tests.Sravani_Interpreter_Offer_Recind@26d9b808]" started-at="2023-01-05T16:20:51 IST" name="init" finished-at="2023-01-05T16:20:59 IST" duration-ms="7380" status="PASS">
          <params>
            <param index="0">
              <value>
                <![CDATA[chrome]]>
              </value>
            </param>
          </params>
          <reporter-output>
          </reporter-output>
        </test-method> <!-- init -->
        <test-method is-config="true" signature="preSetup()[pri:0, instance:com.tests.Sravani_Interpreter_Offer_Recind@26d9b808]" started-at="2023-01-05T16:20:59 IST" name="preSetup" finished-at="2023-01-05T16:20:59 IST" duration-ms="6" status="PASS">
          <reporter-output>
          </reporter-output>
        </test-method> <!-- preSetup -->
        <test-method signature="loginToApplication()[pri:0, instance:com.tests.Sravani_Interpreter_Offer_Recind@26d9b808]" started-at="2023-01-05T16:20:59 IST" name="loginToApplication" description="Scheduler Login" finished-at="2023-01-05T16:21:13 IST" duration-ms="13675" status="PASS">
          <reporter-output>
          </reporter-output>
        </test-method> <!-- loginToApplication -->
        <test-method is-config="true" signature="closeApplication()[pri:0, instance:com.tests.Sravani_Interpreter_Offer_Recind@26d9b808]" started-at="2023-01-05T16:21:13 IST" name="closeApplication" finished-at="2023-01-05T16:21:13 IST" duration-ms="371" status="PASS">
          <reporter-output>
          </reporter-output>
        </test-method> <!-- closeApplication -->
      </class> <!-- com.tests.Sravani_Interpreter_Offer_Recind -->
    </test> <!-- Default test -->
  </suite> <!-- Default suite -->
</testng-results>
