<?xml version="1.0" encoding="UTF-8"?>
<!-- Generated by org.testng.reporters.JUnitXMLReporter -->
<testsuite ignored="1" hostname="SSTINDEVLP1071" failures="0" tests="1" name="Default test" time="17.725" errors="0" timestamp="2022-11-13T14:28:34 IST">
  <testcase classname="com.tests.TSLogin" name="AllAppointmentsDateVerification" time="10.752"/>
  <testcase classname="com.tests.TSLogin" name="NewAppointment" time="0.0">
    <ignored/>
  </testcase> <!-- NewAppointment -->
</testsuite> <!-- Default test -->
