<?xml version="1.0" encoding="UTF-8"?>
<!-- Generated by org.testng.reporters.JUnitXMLReporter -->
<testsuite ignored="7" hostname="SSTINDEVLP1071" failures="0" tests="1" name="Test" time="57.429" errors="0" timestamp="2022-12-27T20:38:33 IST">
  <testcase classname="com.tests.TSNewAppRejectAccept" name="SelfBookAppointment" time="45.316"/>
  <testcase classname="com.tests.TSNewAppRejectAccept" name="ViewFinancialBreakdown" time="0.0">
    <ignored/>
  </testcase> <!-- ViewFinancialBreakdown -->
  <testcase classname="com.tests.TSNewAppRejectAccept" name="NewAppointment" time="0.0">
    <ignored/>
  </testcase> <!-- NewAppointment -->
  <testcase classname="com.tests.TSNewAppRejectAccept" name="RejectAppointment" time="0.0">
    <ignored/>
  </testcase> <!-- RejectAppointment -->
  <testcase classname="com.tests.TSNewAppRejectAccept" name="CheckOutAndFinaliseAppointment" time="0.0">
    <ignored/>
  </testcase> <!-- CheckOutAndFinaliseAppointment -->
  <testcase classname="com.tests.TSNewAppRejectAccept" name="CheckInAppointment" time="0.0">
    <ignored/>
  </testcase> <!-- CheckInAppointment -->
  <testcase classname="com.tests.TSNewAppRejectAccept" name="AcceptAppointment" time="0.0">
    <ignored/>
  </testcase> <!-- AcceptAppointment -->
  <testcase classname="com.tests.TSNewAppRejectAccept" name="ReturnAppointment" time="0.0">
    <ignored/>
  </testcase> <!-- ReturnAppointment -->
</testsuite> <!-- Test -->
