<?xml version="1.0" encoding="UTF-8"?>
<!-- Generated by org.testng.reporters.JUnitXMLReporter -->
<testsuite ignored="2" hostname="SSTINDEVLP1071" failures="0" tests="1" name="Test" time="173.828" errors="0" timestamp="2022-12-16T16:16:33 IST">
  <testcase classname="com.tests.TSNewAppointment" name="RejectAppointment" time="167.357"/>
  <testcase classname="com.tests.TSNewAppointment" name="NewAppointment" time="0.0">
    <ignored/>
  </testcase> <!-- NewAppointment -->
  <testcase classname="com.tests.TSNewAppointment" name="NewAppointmentRecordAvailabilityByFilter" time="0.0">
    <ignored/>
  </testcase> <!-- NewAppointmentRecordAvailabilityByFilter -->
</testsuite> <!-- Test -->
