<?xml version="1.0" encoding="UTF-8"?>
<!-- Generated by org.testng.reporters.JUnitXMLReporter -->
<testsuite ignored="2" hostname="SSTINDEVLP1071" failures="0" tests="6" name="Test" time="261.801" errors="0" timestamp="2022-12-25T18:01:13 IST">
  <testcase classname="com.tests.TSNewAppointment" name="RejectAppointment" time="54.608"/>
  <testcase classname="com.tests.TSNewAppointment" name="AcceptAppointment" time="43.662"/>
  <testcase classname="com.tests.TSNewAppointment" name="ReturnAppointment" time="30.723"/>
  <testcase classname="com.tests.TSNewAppointment" name="CheckInAppointment" time="31.275"/>
  <testcase classname="com.tests.TSNewAppointment" name="CheckOutAndFinaliseAppointment" time="35.989"/>
  <testcase classname="com.tests.TSNewAppointment" name="ViewFinancialBreakdown" time="38.467"/>
  <testcase classname="com.tests.TSNewAppointment" name="NewAppointment" time="0.0">
    <ignored/>
  </testcase> <!-- NewAppointment -->
  <testcase classname="com.tests.TSNewAppointment" name="NewAppointmentRecordAvailabilityByFilter" time="0.0">
    <ignored/>
  </testcase> <!-- NewAppointmentRecordAvailabilityByFilter -->
</testsuite> <!-- Test -->
